{"/Users/C5390267/Documents/Puc-Minas/cloudnativeapp/backend/src/controllers/product.controller.js": {"path":"/Users/C5390267/Documents/Puc-Minas/cloudnativeapp/backend/src/controllers/product.controller.js","statementMap":{"0":{"start":{"line":1,"column":16},"end":{"line":1,"column":44}},"1":{"start":{"line":3,"column":0},"end":{"line":16,"column":2}},"2":{"start":{"line":4,"column":17},"end":{"line":4,"column":27}},"3":{"start":{"line":5,"column":2},"end":{"line":15,"column":3}},"4":{"start":{"line":6,"column":20},"end":{"line":6,"column":46}},"5":{"start":{"line":7,"column":4},"end":{"line":11,"column":5}},"6":{"start":{"line":8,"column":6},"end":{"line":8,"column":37}},"7":{"start":{"line":10,"column":6},"end":{"line":10,"column":62}},"8":{"start":{"line":13,"column":4},"end":{"line":13,"column":56}},"9":{"start":{"line":14,"column":4},"end":{"line":14,"column":84}},"10":{"start":{"line":18,"column":0},"end":{"line":32,"column":2}},"11":{"start":{"line":19,"column":51},"end":{"line":19,"column":59}},"12":{"start":{"line":21,"column":2},"end":{"line":23,"column":3}},"13":{"start":{"line":22,"column":4},"end":{"line":22,"column":73}},"14":{"start":{"line":25,"column":2},"end":{"line":31,"column":3}},"15":{"start":{"line":26,"column":23},"end":{"line":26,"column":85}},"16":{"start":{"line":27,"column":4},"end":{"line":27,"column":38}},"17":{"start":{"line":29,"column":4},"end":{"line":29,"column":54}},"18":{"start":{"line":30,"column":4},"end":{"line":30,"column":82}},"19":{"start":{"line":34,"column":0},"end":{"line":47,"column":2}},"20":{"start":{"line":35,"column":17},"end":{"line":35,"column":27}},"21":{"start":{"line":36,"column":2},"end":{"line":46,"column":3}},"22":{"start":{"line":37,"column":25},"end":{"line":37,"column":65}},"23":{"start":{"line":38,"column":4},"end":{"line":42,"column":5}},"24":{"start":{"line":39,"column":6},"end":{"line":39,"column":73}},"25":{"start":{"line":41,"column":6},"end":{"line":41,"column":62}},"26":{"start":{"line":44,"column":4},"end":{"line":44,"column":54}},"27":{"start":{"line":45,"column":4},"end":{"line":45,"column":82}},"28":{"start":{"line":49,"column":0},"end":{"line":69,"column":2}},"29":{"start":{"line":50,"column":17},"end":{"line":50,"column":27}},"30":{"start":{"line":51,"column":51},"end":{"line":51,"column":59}},"31":{"start":{"line":53,"column":2},"end":{"line":68,"column":3}},"32":{"start":{"line":54,"column":27},"end":{"line":57,"column":5}},"33":{"start":{"line":59,"column":4},"end":{"line":64,"column":5}},"34":{"start":{"line":60,"column":29},"end":{"line":60,"column":55}},"35":{"start":{"line":61,"column":6},"end":{"line":61,"column":44}},"36":{"start":{"line":63,"column":6},"end":{"line":63,"column":62}},"37":{"start":{"line":66,"column":4},"end":{"line":66,"column":54}},"38":{"start":{"line":67,"column":4},"end":{"line":67,"column":82}},"39":{"start":{"line":71,"column":0},"end":{"line":95,"column":2}},"40":{"start":{"line":72,"column":49},"end":{"line":72,"column":58}},"41":{"start":{"line":73,"column":22},"end":{"line":73,"column":24}},"42":{"start":{"line":75,"column":2},"end":{"line":77,"column":3}},"43":{"start":{"line":76,"column":4},"end":{"line":76,"column":28}},"44":{"start":{"line":78,"column":2},"end":{"line":80,"column":3}},"45":{"start":{"line":79,"column":4},"end":{"line":79,"column":36}},"46":{"start":{"line":81,"column":2},"end":{"line":83,"column":3}},"47":{"start":{"line":82,"column":4},"end":{"line":82,"column":77}},"48":{"start":{"line":84,"column":2},"end":{"line":86,"column":3}},"49":{"start":{"line":85,"column":4},"end":{"line":85,"column":77}},"50":{"start":{"line":88,"column":2},"end":{"line":94,"column":3}},"51":{"start":{"line":89,"column":21},"end":{"line":89,"column":66}},"52":{"start":{"line":90,"column":4},"end":{"line":90,"column":36}},"53":{"start":{"line":92,"column":4},"end":{"line":92,"column":55}},"54":{"start":{"line":93,"column":4},"end":{"line":93,"column":84}}},"fnMap":{"0":{"name":"(anonymous_0)","decl":{"start":{"line":3,"column":25},"end":{"line":3,"column":26}},"loc":{"start":{"line":3,"column":46},"end":{"line":16,"column":1}},"line":3},"1":{"name":"(anonymous_1)","decl":{"start":{"line":18,"column":24},"end":{"line":18,"column":25}},"loc":{"start":{"line":18,"column":45},"end":{"line":32,"column":1}},"line":18},"2":{"name":"(anonymous_2)","decl":{"start":{"line":34,"column":24},"end":{"line":34,"column":25}},"loc":{"start":{"line":34,"column":45},"end":{"line":47,"column":1}},"line":34},"3":{"name":"(anonymous_3)","decl":{"start":{"line":49,"column":24},"end":{"line":49,"column":25}},"loc":{"start":{"line":49,"column":45},"end":{"line":69,"column":1}},"line":49},"4":{"name":"(anonymous_4)","decl":{"start":{"line":71,"column":25},"end":{"line":71,"column":26}},"loc":{"start":{"line":71,"column":46},"end":{"line":95,"column":1}},"line":71}},"branchMap":{"0":{"loc":{"start":{"line":7,"column":4},"end":{"line":11,"column":5}},"type":"if","locations":[{"start":{"line":7,"column":4},"end":{"line":11,"column":5}},{"start":{"line":9,"column":11},"end":{"line":11,"column":5}}],"line":7},"1":{"loc":{"start":{"line":14,"column":37},"end":{"line":14,"column":80}},"type":"binary-expr","locations":[{"start":{"line":14,"column":37},"end":{"line":14,"column":50}},{"start":{"line":14,"column":54},"end":{"line":14,"column":80}}],"line":14},"2":{"loc":{"start":{"line":21,"column":2},"end":{"line":23,"column":3}},"type":"if","locations":[{"start":{"line":21,"column":2},"end":{"line":23,"column":3}},{"start":{},"end":{}}],"line":21},"3":{"loc":{"start":{"line":21,"column":6},"end":{"line":21,"column":94}},"type":"binary-expr","locations":[{"start":{"line":21,"column":6},"end":{"line":21,"column":11}},{"start":{"line":21,"column":15},"end":{"line":21,"column":34}},{"start":{"line":21,"column":38},"end":{"line":21,"column":47}},{"start":{"line":21,"column":51},"end":{"line":21,"column":70}},{"start":{"line":21,"column":74},"end":{"line":21,"column":94}}],"line":21},"4":{"loc":{"start":{"line":30,"column":37},"end":{"line":30,"column":78}},"type":"binary-expr","locations":[{"start":{"line":30,"column":37},"end":{"line":30,"column":50}},{"start":{"line":30,"column":54},"end":{"line":30,"column":78}}],"line":30},"5":{"loc":{"start":{"line":38,"column":4},"end":{"line":42,"column":5}},"type":"if","locations":[{"start":{"line":38,"column":4},"end":{"line":42,"column":5}},{"start":{"line":40,"column":11},"end":{"line":42,"column":5}}],"line":38},"6":{"loc":{"start":{"line":45,"column":37},"end":{"line":45,"column":78}},"type":"binary-expr","locations":[{"start":{"line":45,"column":37},"end":{"line":45,"column":50}},{"start":{"line":45,"column":54},"end":{"line":45,"column":78}}],"line":45},"7":{"loc":{"start":{"line":59,"column":4},"end":{"line":64,"column":5}},"type":"if","locations":[{"start":{"line":59,"column":4},"end":{"line":64,"column":5}},{"start":{"line":62,"column":11},"end":{"line":64,"column":5}}],"line":59},"8":{"loc":{"start":{"line":67,"column":37},"end":{"line":67,"column":78}},"type":"binary-expr","locations":[{"start":{"line":67,"column":37},"end":{"line":67,"column":50}},{"start":{"line":67,"column":54},"end":{"line":67,"column":78}}],"line":67},"9":{"loc":{"start":{"line":75,"column":2},"end":{"line":77,"column":3}},"type":"if","locations":[{"start":{"line":75,"column":2},"end":{"line":77,"column":3}},{"start":{},"end":{}}],"line":75},"10":{"loc":{"start":{"line":78,"column":2},"end":{"line":80,"column":3}},"type":"if","locations":[{"start":{"line":78,"column":2},"end":{"line":80,"column":3}},{"start":{},"end":{}}],"line":78},"11":{"loc":{"start":{"line":81,"column":2},"end":{"line":83,"column":3}},"type":"if","locations":[{"start":{"line":81,"column":2},"end":{"line":83,"column":3}},{"start":{},"end":{}}],"line":81},"12":{"loc":{"start":{"line":84,"column":2},"end":{"line":86,"column":3}},"type":"if","locations":[{"start":{"line":84,"column":2},"end":{"line":86,"column":3}},{"start":{},"end":{}}],"line":84},"13":{"loc":{"start":{"line":93,"column":37},"end":{"line":93,"column":80}},"type":"binary-expr","locations":[{"start":{"line":93,"column":37},"end":{"line":93,"column":50}},{"start":{"line":93,"column":54},"end":{"line":93,"column":80}}],"line":93}},"s":{"0":0,"1":0,"2":0,"3":0,"4":0,"5":0,"6":0,"7":0,"8":0,"9":0,"10":0,"11":0,"12":0,"13":0,"14":0,"15":0,"16":0,"17":0,"18":0,"19":0,"20":0,"21":0,"22":0,"23":0,"24":0,"25":0,"26":0,"27":0,"28":0,"29":0,"30":0,"31":0,"32":0,"33":0,"34":0,"35":0,"36":0,"37":0,"38":0,"39":0,"40":0,"41":0,"42":0,"43":0,"44":0,"45":0,"46":0,"47":0,"48":0,"49":0,"50":0,"51":0,"52":0,"53":0,"54":0},"f":{"0":0,"1":0,"2":0,"3":0,"4":0},"b":{"0":[0,0],"1":[0,0],"2":[0,0],"3":[0,0,0,0,0],"4":[0,0],"5":[0,0],"6":[0,0],"7":[0,0],"8":[0,0],"9":[0,0],"10":[0,0],"11":[0,0],"12":[0,0],"13":[0,0]}}
,"/Users/C5390267/Documents/Puc-Minas/cloudnativeapp/backend/src/models/index.js": {"path":"/Users/C5390267/Documents/Puc-Minas/cloudnativeapp/backend/src/models/index.js","statementMap":{"0":{"start":{"line":3,"column":11},"end":{"line":3,"column":24}},"1":{"start":{"line":4,"column":13},"end":{"line":4,"column":28}},"2":{"start":{"line":5,"column":18},"end":{"line":5,"column":38}},"3":{"start":{"line":6,"column":16},"end":{"line":6,"column":34}},"4":{"start":{"line":7,"column":17},"end":{"line":7,"column":42}},"5":{"start":{"line":8,"column":12},"end":{"line":8,"column":49}},"6":{"start":{"line":9,"column":15},"end":{"line":9,"column":65}},"7":{"start":{"line":10,"column":11},"end":{"line":10,"column":13}},"8":{"start":{"line":13,"column":0},"end":{"line":17,"column":1}},"9":{"start":{"line":14,"column":2},"end":{"line":14,"column":74}},"10":{"start":{"line":16,"column":2},"end":{"line":16,"column":87}},"11":{"start":{"line":19,"column":0},"end":{"line":32,"column":5}},"12":{"start":{"line":22,"column":4},"end":{"line":27,"column":6}},"13":{"start":{"line":30,"column":18},"end":{"line":30,"column":85}},"14":{"start":{"line":31,"column":4},"end":{"line":31,"column":27}},"15":{"start":{"line":34,"column":0},"end":{"line":38,"column":3}},"16":{"start":{"line":35,"column":2},"end":{"line":37,"column":3}},"17":{"start":{"line":36,"column":4},"end":{"line":36,"column":32}},"18":{"start":{"line":40,"column":0},"end":{"line":40,"column":25}},"19":{"start":{"line":41,"column":0},"end":{"line":41,"column":25}},"20":{"start":{"line":43,"column":0},"end":{"line":43,"column":20}}},"fnMap":{"0":{"name":"(anonymous_0)","decl":{"start":{"line":21,"column":10},"end":{"line":21,"column":11}},"loc":{"start":{"line":21,"column":18},"end":{"line":28,"column":3}},"line":21},"1":{"name":"(anonymous_1)","decl":{"start":{"line":29,"column":11},"end":{"line":29,"column":12}},"loc":{"start":{"line":29,"column":19},"end":{"line":32,"column":3}},"line":29},"2":{"name":"(anonymous_2)","decl":{"start":{"line":34,"column":24},"end":{"line":34,"column":25}},"loc":{"start":{"line":34,"column":37},"end":{"line":38,"column":1}},"line":34}},"branchMap":{"0":{"loc":{"start":{"line":8,"column":12},"end":{"line":8,"column":49}},"type":"binary-expr","locations":[{"start":{"line":8,"column":12},"end":{"line":8,"column":32}},{"start":{"line":8,"column":36},"end":{"line":8,"column":49}}],"line":8},"1":{"loc":{"start":{"line":13,"column":0},"end":{"line":17,"column":1}},"type":"if","locations":[{"start":{"line":13,"column":0},"end":{"line":17,"column":1}},{"start":{"line":15,"column":7},"end":{"line":17,"column":1}}],"line":13},"2":{"loc":{"start":{"line":23,"column":6},"end":{"line":26,"column":37}},"type":"binary-expr","locations":[{"start":{"line":23,"column":6},"end":{"line":23,"column":29}},{"start":{"line":24,"column":6},"end":{"line":24,"column":23}},{"start":{"line":25,"column":6},"end":{"line":25,"column":30}},{"start":{"line":26,"column":6},"end":{"line":26,"column":37}}],"line":23},"3":{"loc":{"start":{"line":35,"column":2},"end":{"line":37,"column":3}},"type":"if","locations":[{"start":{"line":35,"column":2},"end":{"line":37,"column":3}},{"start":{},"end":{}}],"line":35}},"s":{"0":0,"1":0,"2":0,"3":0,"4":0,"5":0,"6":0,"7":0,"8":0,"9":0,"10":0,"11":0,"12":0,"13":0,"14":0,"15":0,"16":0,"17":0,"18":0,"19":0,"20":0},"f":{"0":0,"1":0,"2":0},"b":{"0":[0,0],"1":[0,0],"2":[0,0,0,0],"3":[0,0]}}
,"/Users/C5390267/Documents/Puc-Minas/cloudnativeapp/backend/src/models/product.js": {"path":"/Users/C5390267/Documents/Puc-Minas/cloudnativeapp/backend/src/models/product.js","statementMap":{"0":{"start":{"line":4,"column":4},"end":{"line":4,"column":24}},"1":{"start":{"line":5,"column":0},"end":{"line":28,"column":2}},"2":{"start":{"line":16,"column":2},"end":{"line":26,"column":5}},"3":{"start":{"line":27,"column":2},"end":{"line":27,"column":17}}},"fnMap":{"0":{"name":"(anonymous_0)","decl":{"start":{"line":5,"column":17},"end":{"line":5,"column":18}},"loc":{"start":{"line":5,"column":43},"end":{"line":28,"column":1}},"line":5},"1":{"name":"(anonymous_1)","decl":{"start":{"line":12,"column":4},"end":{"line":12,"column":5}},"loc":{"start":{"line":12,"column":29},"end":{"line":14,"column":5}},"line":12}},"branchMap":{},"s":{"0":0,"1":0,"2":0,"3":0},"f":{"0":0,"1":0},"b":{}}
,"/Users/C5390267/Documents/Puc-Minas/cloudnativeapp/backend/src/routers/index.js": {"path":"/Users/C5390267/Documents/Puc-Minas/cloudnativeapp/backend/src/routers/index.js","statementMap":{"0":{"start":{"line":1,"column":16},"end":{"line":1,"column":34}},"1":{"start":{"line":2,"column":15},"end":{"line":2,"column":31}},"2":{"start":{"line":3,"column":19},"end":{"line":3,"column":43}},"3":{"start":{"line":4,"column":22},"end":{"line":4,"column":49}},"4":{"start":{"line":6,"column":0},"end":{"line":6,"column":28}},"5":{"start":{"line":7,"column":0},"end":{"line":7,"column":39}},"6":{"start":{"line":9,"column":0},"end":{"line":9,"column":24}}},"fnMap":{},"branchMap":{},"s":{"0":0,"1":0,"2":0,"3":0,"4":0,"5":0,"6":0},"f":{},"b":{}}
,"/Users/C5390267/Documents/Puc-Minas/cloudnativeapp/backend/src/routers/product.router.js": {"path":"/Users/C5390267/Documents/Puc-Minas/cloudnativeapp/backend/src/routers/product.router.js","statementMap":{"0":{"start":{"line":1,"column":16},"end":{"line":1,"column":34}},"1":{"start":{"line":2,"column":15},"end":{"line":2,"column":31}},"2":{"start":{"line":3,"column":26},"end":{"line":3,"column":70}},"3":{"start":{"line":5,"column":0},"end":{"line":5,"column":50}},"4":{"start":{"line":6,"column":0},"end":{"line":6,"column":53}},"5":{"start":{"line":7,"column":0},"end":{"line":7,"column":50}},"6":{"start":{"line":8,"column":0},"end":{"line":8,"column":55}},"7":{"start":{"line":9,"column":0},"end":{"line":9,"column":52}},"8":{"start":{"line":11,"column":0},"end":{"line":11,"column":24}}},"fnMap":{},"branchMap":{},"s":{"0":0,"1":0,"2":0,"3":0,"4":0,"5":0,"6":0,"7":0,"8":0},"f":{},"b":{}}
,"/Users/C5390267/Documents/Puc-Minas/cloudnativeapp/backend/src/routers/root.router.js": {"path":"/Users/C5390267/Documents/Puc-Minas/cloudnativeapp/backend/src/routers/root.router.js","statementMap":{"0":{"start":{"line":1,"column":16},"end":{"line":1,"column":34}},"1":{"start":{"line":2,"column":15},"end":{"line":2,"column":31}},"2":{"start":{"line":3,"column":23},"end":{"line":3,"column":55}},"3":{"start":{"line":5,"column":0},"end":{"line":7,"column":3}},"4":{"start":{"line":6,"column":2},"end":{"line":6,"column":40}},"5":{"start":{"line":9,"column":0},"end":{"line":9,"column":24}}},"fnMap":{"0":{"name":"(anonymous_0)","decl":{"start":{"line":5,"column":16},"end":{"line":5,"column":17}},"loc":{"start":{"line":5,"column":31},"end":{"line":7,"column":1}},"line":5}},"branchMap":{},"s":{"0":0,"1":0,"2":0,"3":0,"4":0,"5":0},"f":{"0":0},"b":{}}
,"/Users/C5390267/Documents/Puc-Minas/cloudnativeapp/backend/src/utils/config.js": {"path":"/Users/C5390267/Documents/Puc-Minas/cloudnativeapp/backend/src/utils/config.js","statementMap":{"0":{"start":{"line":2,"column":15},"end":{"line":2,"column":32}},"1":{"start":{"line":3,"column":11},"end":{"line":3,"column":24}},"2":{"start":{"line":7,"column":4},"end":{"line":13,"column":5}},"3":{"start":{"line":12,"column":8},"end":{"line":12,"column":45}},"4":{"start":{"line":14,"column":4},"end":{"line":14,"column":67}},"5":{"start":{"line":15,"column":4},"end":{"line":15,"column":24}},"6":{"start":{"line":16,"column":4},"end":{"line":16,"column":42}},"7":{"start":{"line":20,"column":4},"end":{"line":22,"column":5}},"8":{"start":{"line":21,"column":6},"end":{"line":21,"column":66}},"9":{"start":{"line":26,"column":0},"end":{"line":26,"column":24}}},"fnMap":{"0":{"name":"(anonymous_0)","decl":{"start":{"line":6,"column":0},"end":{"line":6,"column":1}},"loc":{"start":{"line":6,"column":20},"end":{"line":17,"column":3}},"line":6},"1":{"name":"(anonymous_1)","decl":{"start":{"line":19,"column":2},"end":{"line":19,"column":3}},"loc":{"start":{"line":19,"column":24},"end":{"line":23,"column":3}},"line":19}},"branchMap":{"0":{"loc":{"start":{"line":7,"column":4},"end":{"line":13,"column":5}},"type":"if","locations":[{"start":{"line":7,"column":4},"end":{"line":13,"column":5}},{"start":{},"end":{}}],"line":7},"1":{"loc":{"start":{"line":8,"column":8},"end":{"line":10,"column":35}},"type":"binary-expr","locations":[{"start":{"line":8,"column":8},"end":{"line":8,"column":42}},{"start":{"line":9,"column":8},"end":{"line":9,"column":37}},{"start":{"line":10,"column":8},"end":{"line":10,"column":35}}],"line":8},"2":{"loc":{"start":{"line":20,"column":4},"end":{"line":22,"column":5}},"type":"if","locations":[{"start":{"line":20,"column":4},"end":{"line":22,"column":5}},{"start":{},"end":{}}],"line":20}},"s":{"0":1,"1":1,"2":2,"3":1,"4":2,"5":2,"6":1,"7":2,"8":1,"9":1},"f":{"0":2,"1":2},"b":{"0":[1,1],"1":[2,1,1],"2":[1,1]},"_coverageSchema":"1a1c01bbd47fc00a2c39e90264f33305004495a9","hash":"36c31802230b3382375177211f5f9c64f608b921"}
}
